#
# There is insufficient memory for the Java Runtime Environment to continue.
# Native memory allocation (malloc) failed to allocate 1048576 bytes for AllocateHeap
# Possible reasons:
#   The system is out of physical RAM or swap space
#   In 32 bit mode, the process size limit was hit
# Possible solutions:
#   Reduce memory load on the system
#   Increase physical memory or swap space
#   Check if swap backing store is full
#   Use 64 bit Java on a 64 bit OS
#   Decrease Java heap size (-Xmx/-Xms)
#   Decrease number of Java threads
#   Decrease Java thread stack sizes (-Xss)
#   Set larger code cache with -XX:ReservedCodeCacheSize=
# This output file may be truncated or incomplete.
#
#  Out of Memory Error (memory/allocation.inline.hpp:61), pid=2260, tid=2856
#
# JRE version:  (8.0_91-b14) (build )
# Java VM: Java HotSpot(TM) 64-Bit Server VM (25.91-b14 mixed mode windows-amd64 compressed oops)
# Failed to write core dump. Minidumps are not enabled by default on client versions of Windows
#

---------------  T H R E A D  ---------------

Current thread (0x0000000002450800):  JavaThread "Unknown thread" [_thread_in_vm, id=2856, stack(0x00000000022e0000,0x00000000023e0000)]

Stack: [0x00000000022e0000,0x00000000023e0000]
[error occurred during error reporting (printing stack bounds), id 0xc0000005]

Native frames: (J=compiled Java code, j=interpreted, Vv=VM code, C=native code)


---------------  P R O C E S S  ---------------

Java Threads: ( => current thread )

Other Threads:

=>0x0000000002450800 (exited) JavaThread "Unknown thread" [_thread_in_vm, id=2856, stack(0x00000000022e0000,0x00000000023e0000)]

VM state:not at safepoint (normal execution)

VM Mutex/Monitor currently owned by a thread: None

Heap:
 PSYoungGen      total 75264K, used 1290K [0x000000076c500000, 0x0000000771900000, 0x00000007c0000000)
  eden space 64512K, 2% used [0x000000076c500000,0x000000076c642900,0x0000000770400000)
  from space 10752K, 0% used [0x0000000770e80000,0x0000000770e80000,0x0000000771900000)
  to   space 10752K, 0% used [0x0000000770400000,0x0000000770400000,0x0000000770e80000)
 ParOldGen       total 172032K, used 0K [0x00000006c4e00000, 0x00000006cf600000, 0x000000076c500000)
  object space 172032K, 0% used [0x00000006c4e00000,0x00000006c4e00000,0x00000006cf600000)
 Metaspace       used 769K, capacity 4480K, committed 4480K, reserved 1056768K
  class space    used 75K, capacity 384K, committed 384K, reserved 1048576K

Card table byte_map: [0x0000000002910000,0x00000000030f0000] byte_map_base: 0xffffffffff2e9000

Marking Bits: (ParMarkBitMap*) 0x00000000681d2f70
 Begin Bits: [0x00000000155d0000, 0x0000000019498000)
 End Bits:   [0x0000000019498000, 0x000000001d360000)

Polling page: 0x0000000000420000

CodeCache: size=245760Kb used=328Kb max_used=328Kb free=245431Kb
 bounds [0x00000000065d0000, 0x0000000006840000, 0x00000000155d0000]
 total_blobs=58 nmethods=0 adapters=38
 compilation: enabled

Compilation events (0 events):
No events

GC Heap History (0 events):
No events

Deoptimization events (0 events):
No events

Internal exceptions (0 events):
No events

Events (10 events):
Event: 0.014 loading class java/lang/Short
Event: 0.014 loading class java/lang/Short done
Event: 0.014 loading class java/lang/Integer
Event: 0.014 loading class java/lang/Integer done
Event: 0.014 loading class java/lang/Long
Event: 0.014 loading class java/lang/Long done
Event: 0.015 loading class java/lang/NullPointerException
Event: 0.015 loading class java/lang/NullPointerException done
Event: 0.015 loading class java/lang/ArithmeticException
Event: 0.015 loading class java/lang/ArithmeticException done


Dynamic libraries:
0x00007ff708e90000 - 0x00007ff708ec7000 	D:\Java\jdk1.8.0_91\bin\java.exe
0x00007fff68750000 - 0x00007fff6892b000 	C:\WINDOWS\SYSTEM32\ntdll.dll
0x00007fff67270000 - 0x00007fff6731e000 	C:\WINDOWS\System32\KERNEL32.DLL
0x00007fff64c70000 - 0x00007fff64eb9000 	C:\WINDOWS\System32\KERNELBASE.dll
0x00007fff68050000 - 0x00007fff680f1000 	C:\WINDOWS\System32\ADVAPI32.dll
0x00007fff67fb0000 - 0x00007fff6804d000 	C:\WINDOWS\System32\msvcrt.dll
0x00007fff65cb0000 - 0x00007fff65d09000 	C:\WINDOWS\System32\sechost.dll
0x00007fff67a80000 - 0x00007fff67ba5000 	C:\WINDOWS\System32\RPCRT4.dll
0x00007fff67820000 - 0x00007fff6796a000 	C:\WINDOWS\System32\USER32.dll
0x00007fff65820000 - 0x00007fff6583e000 	C:\WINDOWS\System32\win32u.dll
0x00007fff67320000 - 0x00007fff67347000 	C:\WINDOWS\System32\GDI32.dll
0x00007fff65a10000 - 0x00007fff65b97000 	C:\WINDOWS\System32\gdi32full.dll
0x00007fff65ba0000 - 0x00007fff65c3a000 	C:\WINDOWS\System32\msvcp_win.dll
0x00007fff64ec0000 - 0x00007fff64fb6000 	C:\WINDOWS\System32\ucrtbase.dll
0x00007fff4a440000 - 0x00007fff4a6a7000 	C:\WINDOWS\WinSxS\amd64_microsoft.windows.common-controls_6595b64144ccf1df_6.0.15063.483_none_26002d27e7c744a2\COMCTL32.dll
0x00007fff682e0000 - 0x00007fff685d9000 	C:\WINDOWS\System32\combase.dll
0x00007fff65c40000 - 0x00007fff65caa000 	C:\WINDOWS\System32\bcryptPrimitives.dll
0x00007fff682b0000 - 0x00007fff682dd000 	C:\WINDOWS\System32\IMM32.DLL
0x0000000069970000 - 0x00000000699dc000 	c:\program files (x86)\f-secure\hips\fshook64.dll
0x00007fff67350000 - 0x00007fff67358000 	C:\WINDOWS\System32\PSAPI.DLL
0x00000000678e0000 - 0x00000000679b2000 	D:\Java\jdk1.8.0_91\jre\bin\msvcr100.dll
0x00000000679c0000 - 0x0000000068253000 	D:\Java\jdk1.8.0_91\jre\bin\server\jvm.dll
0x00007fff5f170000 - 0x00007fff5f179000 	C:\WINDOWS\SYSTEM32\WSOCK32.dll
0x00007fff677a0000 - 0x00007fff6780c000 	C:\WINDOWS\System32\WS2_32.dll
0x00007fff5de70000 - 0x00007fff5de93000 	C:\WINDOWS\SYSTEM32\WINMM.dll
0x00007fff5ec60000 - 0x00007fff5ec6a000 	C:\WINDOWS\SYSTEM32\VERSION.dll
0x00007fff5dd30000 - 0x00007fff5dd5b000 	C:\WINDOWS\SYSTEM32\WINMMBASE.dll
0x00007fff657d0000 - 0x00007fff65819000 	C:\WINDOWS\System32\cfgmgr32.dll
0x0000000067890000 - 0x000000006789f000 	D:\Java\jdk1.8.0_91\jre\bin\verify.dll
0x0000000067860000 - 0x0000000067889000 	D:\Java\jdk1.8.0_91\jre\bin\java.dll
0x0000000067840000 - 0x0000000067856000 	D:\Java\jdk1.8.0_91\jre\bin\zip.dll

VM Arguments:
jvm_args: -Dclassworlds.conf=D:\NetBeans 8.2\java\maven\bin\m2.conf -Dmaven.home=D:\NetBeans 8.2\java\maven 
java_command: org.codehaus.plexus.classworlds.launcher.Launcher -Dexec.args=-classpath %classpath com.andrei.mavenproject1.GUI -Dexec.executable=D:\Java\jdk1.8.0_91\bin\java.exe -Dexec.classpathScope=runtime -Dmaven.ext.class.path=D:\NetBeans 8.2\java\maven-nblib\netbeans-eventspy.jar -Dfile.encoding=UTF-8 org.codehaus.mojo:exec-maven-plugin:1.2.1:exec
java_class_path (initial): D:\NetBeans 8.2\java\maven\boot\plexus-classworlds-2.4.jar
Launcher Type: SUN_STANDARD

Environment Variables:
JAVA_HOME=D:\Java\jdk1.8.0_91
PATH=E:\app\acalbaza\product\12.1.0\dbhome_3\bin;C:\Program Files (x86)\Intel\iCLS Client\;C:\Program Files\Intel\iCLS Client\;C:\WINDOWS\system32;C:\WINDOWS;C:\WINDOWS\System32\Wbem;C:\WINDOWS\System32\WindowsPowerShell\v1.0\;C:\Program Files (x86)\ATI Technologies\ATI.ACE\Core-Static;C:\Program Files (x86)\Intel\Intel(R) Management Engine Components\DAL;C:\Program Files\Intel\Intel(R) Management Engine Components\DAL;C:\Program Files (x86)\Intel\Intel(R) Management Engine Components\IPT;C:\Program Files\Intel\Intel(R) Management Engine Components\IPT;D:\ant-1.8.1\bin;D:\Java\jdk1.8.0_91\bin;D:\Git\bin;C:\Program Files\PuTTY\;C:\Program Files (x86)\Skype\Phone\;C:\Users\acalbaza\AppData\Local\Microsoft\WindowsApps;
USERNAME=acalbaza
OS=Windows_NT
PROCESSOR_IDENTIFIER=Intel64 Family 6 Model 60 Stepping 3, GenuineIntel



---------------  S Y S T E M  ---------------

OS: Windows 10.0 , 64 bit Build 15063 (10.0.15063.296)

CPU:total 8 (4 cores per cpu, 2 threads per core) family 6 model 60 stepping 3, cmov, cx8, fxsr, mmx, sse, sse2, sse3, ssse3, sse4.1, sse4.2, popcnt, avx, avx2, aes, clmul, erms, lzcnt, ht, tsc, tscinvbit, bmi1, bmi2

Memory: 4k page, physical 16450072k(5463724k free), swap 24838680k(4944k free)

vm_info: Java HotSpot(TM) 64-Bit Server VM (25.91-b14) for windows-amd64 JRE (1.8.0_91-b14), built on Apr  1 2016 00:58:32 by "java_re" with MS VC++ 10.0 (VS2010)

time: Mon Oct 30 14:23:49 2017
elapsed time: 0 seconds (0d 0h 0m 0s)

